To honour the JVM settings for this build a single-use Daemon process will be forked. For more on this, please refer to https://docs.gradle.org/8.14.3/userguide/gradle_daemon.html#sec:disabling_the_daemon in the Gradle documentation.
Daemon will be stopped at the end of the build 
> Task :compileJava UP-TO-DATE
> Task :processResources UP-TO-DATE
> Task :classes UP-TO-DATE
> Task :resolveMainClassName UP-TO-DATE

> Task :bootRun

  .   ____          _            __ _ _
 /\\ / ___'_ __ _ _(_)_ __  __ _ \ \ \ \
( ( )\___ | '_ | '_| | '_ \/ _` | \ \ \ \
 \\/  ___)| |_)| | | | | || (_| |  ) ) ) )
  '  |____| .__|_| |_|_| |_\__, | / / / /
 =========|_|==============|___/=/_/_/_/

 :: Spring Boot ::                (v3.5.5)

2025-09-22T15:49:58.229+09:00  INFO 84349 --- [tbc] [           main] com.tbc.TbcApplication                   : Starting TbcApplication using Java 21.0.7 with PID 84349 (/Users/jay/Desktop/team-tbc-JH/tbc-back/build/classes/java/main started by jay in /Users/jay/Desktop/team-tbc-JH/tbc-back)
2025-09-22T15:49:58.231+09:00  INFO 84349 --- [tbc] [           main] com.tbc.TbcApplication                   : No active profile set, falling back to 1 default profile: "default"
2025-09-22T15:49:59.139+09:00  INFO 84349 --- [tbc] [           main] .s.d.r.c.RepositoryConfigurationDelegate : Bootstrapping Spring Data JPA repositories in DEFAULT mode.
2025-09-22T15:49:59.211+09:00  INFO 84349 --- [tbc] [           main] .s.d.r.c.RepositoryConfigurationDelegate : Finished Spring Data repository scanning in 64 ms. Found 11 JPA repository interfaces.
2025-09-22T15:49:59.614+09:00  INFO 84349 --- [tbc] [           main] o.s.b.w.embedded.tomcat.TomcatWebServer  : Tomcat initialized with port 8080 (http)
2025-09-22T15:49:59.626+09:00  INFO 84349 --- [tbc] [           main] o.apache.catalina.core.StandardService   : Starting service [Tomcat]
2025-09-22T15:49:59.627+09:00  INFO 84349 --- [tbc] [           main] o.apache.catalina.core.StandardEngine    : Starting Servlet engine: [Apache Tomcat/10.1.44]
2025-09-22T15:49:59.665+09:00  INFO 84349 --- [tbc] [           main] o.a.c.c.C.[Tomcat].[localhost].[/]       : Initializing Spring embedded WebApplicationContext
2025-09-22T15:49:59.666+09:00  INFO 84349 --- [tbc] [           main] w.s.c.ServletWebServerApplicationContext : Root WebApplicationContext: initialization completed in 1401 ms
2025-09-22T15:49:59.847+09:00  INFO 84349 --- [tbc] [           main] o.hibernate.jpa.internal.util.LogHelper  : HHH000204: Processing PersistenceUnitInfo [name: default]
2025-09-22T15:49:59.895+09:00  INFO 84349 --- [tbc] [           main] org.hibernate.Version                    : HHH000412: Hibernate ORM core version 6.6.26.Final
2025-09-22T15:49:59.920+09:00  INFO 84349 --- [tbc] [           main] o.h.c.internal.RegionFactoryInitiator    : HHH000026: Second-level cache disabled
2025-09-22T15:50:00.135+09:00  INFO 84349 --- [tbc] [           main] o.s.o.j.p.SpringPersistenceUnitInfo      : No LoadTimeWeaver setup: ignoring JPA class transformer
2025-09-22T15:50:00.157+09:00  INFO 84349 --- [tbc] [           main] com.zaxxer.hikari.HikariDataSource       : HikariPool-1 - Starting...
2025-09-22T15:50:00.357+09:00  INFO 84349 --- [tbc] [           main] com.zaxxer.hikari.pool.HikariPool        : HikariPool-1 - Added connection com.mysql.cj.jdbc.ConnectionImpl@48b09105
2025-09-22T15:50:00.359+09:00  INFO 84349 --- [tbc] [           main] com.zaxxer.hikari.HikariDataSource       : HikariPool-1 - Start completed.
2025-09-22T15:50:00.413+09:00  WARN 84349 --- [tbc] [           main] org.hibernate.orm.deprecation            : HHH90000025: MySQLDialect does not need to be specified explicitly using 'hibernate.dialect' (remove the property setting and it will be selected by default)
2025-09-22T15:50:00.424+09:00  INFO 84349 --- [tbc] [           main] org.hibernate.orm.connections.pooling    : HHH10001005: Database info:
	Database JDBC URL [Connecting through datasource 'HikariDataSource (HikariPool-1)']
	Database driver: undefined/unknown
	Database version: 8.0.43
	Autocommit mode: undefined/unknown
	Isolation level: undefined/unknown
	Minimum pool size: undefined/unknown
	Maximum pool size: undefined/unknown
2025-09-22T15:50:01.123+09:00  INFO 84349 --- [tbc] [           main] o.h.e.t.j.p.i.JtaPlatformInitiator       : HHH000489: No JTA platform available (set 'hibernate.transaction.jta.platform' to enable JTA platform integration)
Hibernate: 
    alter table events 
       modify column status enum ('CLOSED','OPEN','UPCOMING','WAITLIST') not null
2025-09-22T15:50:01.289+09:00  INFO 84349 --- [tbc] [           main] j.LocalContainerEntityManagerFactoryBean : Initialized JPA EntityManagerFactory for persistence unit 'default'
2025-09-22T15:50:01.511+09:00  INFO 84349 --- [tbc] [           main] o.s.d.j.r.query.QueryEnhancerFactory     : Hibernate is in classpath; If applicable, HQL parser will be used.
2025-09-22T15:50:05.384+09:00 DEBUG 84349 --- [tbc] [           main] o.s.w.s.s.s.WebSocketHandlerMapping      : Patterns [/ws/**] in 'stompWebSocketHandlerMapping'
2025-09-22T15:50:05.489+09:00 DEBUG 84349 --- [tbc] [           main] .WebSocketAnnotationMethodMessageHandler : 
	c.t.c.a.c.ChatStompController:
	{[MESSAGE],[/rooms/{roomId}/send]}: send(Long,ChatMessageDto)
2025-09-22T15:50:05.491+09:00 DEBUG 84349 --- [tbc] [           main] .WebSocketAnnotationMethodMessageHandler : 
	c.t.c.a.h.ChatHistoryController:
	
2025-09-22T15:50:05.491+09:00 DEBUG 84349 --- [tbc] [           main] .WebSocketAnnotationMethodMessageHandler : 
	c.t.e.w.c.EventController:
	
2025-09-22T15:50:05.491+09:00 DEBUG 84349 --- [tbc] [           main] .WebSocketAnnotationMethodMessageHandler : 
	c.t.g.a.h.GroupController:
	
2025-09-22T15:50:05.491+09:00 DEBUG 84349 --- [tbc] [           main] .WebSocketAnnotationMethodMessageHandler : 
	c.t.h.HealthController:
	
2025-09-22T15:50:05.491+09:00 DEBUG 84349 --- [tbc] [           main] .WebSocketAnnotationMethodMessageHandler : 
	c.t.l.a.i.c.AuthController:
	
2025-09-22T15:50:05.491+09:00 DEBUG 84349 --- [tbc] [           main] .WebSocketAnnotationMethodMessageHandler : 
	c.t.l.a.i.c.UserController:
	
2025-09-22T15:50:05.491+09:00 DEBUG 84349 --- [tbc] [           main] .WebSocketAnnotationMethodMessageHandler : 
	c.t.m.w.c.MainController:
	
2025-09-22T15:50:05.493+09:00 DEBUG 84349 --- [tbc] [           main] .WebSocketAnnotationMethodMessageHandler : 
	o.s.b.a.w.s.e.BasicErrorController:
	
2025-09-22T15:50:05.493+09:00 DEBUG 84349 --- [tbc] [           main] .WebSocketAnnotationMethodMessageHandler : 
	o.s.w.a.MultipleOpenApiWebMvcResource:
	
2025-09-22T15:50:05.498+09:00 DEBUG 84349 --- [tbc] [           main] .WebSocketAnnotationMethodMessageHandler : 
	o.s.w.a.OpenApiWebMvcResource:
	
2025-09-22T15:50:05.498+09:00 DEBUG 84349 --- [tbc] [           main] .WebSocketAnnotationMethodMessageHandler : 
	o.s.w.u.SwaggerWelcomeWebMvc:
	
2025-09-22T15:50:05.498+09:00 DEBUG 84349 --- [tbc] [           main] .WebSocketAnnotationMethodMessageHandler : 
	o.s.w.u.SwaggerConfigResource:
	
2025-09-22T15:50:05.532+09:00  WARN 84349 --- [tbc] [           main] .s.s.UserDetailsServiceAutoConfiguration : 

Using generated security password: 45b8ddbc-b45b-4603-b39f-8fe76a61ac89

This generated password is for development use only. Your security configuration must be updated before running your application in production.

2025-09-22T15:50:05.537+09:00  INFO 84349 --- [tbc] [           main] r$InitializeUserDetailsManagerConfigurer : Global AuthenticationManager configured with UserDetailsService bean with name inMemoryUserDetailsManager
2025-09-22T15:50:05.746+09:00  INFO 84349 --- [tbc] [           main] o.s.b.a.e.web.EndpointLinksResolver      : Exposing 2 endpoints beneath base path '/actuator'
2025-09-22T15:50:06.037+09:00  INFO 84349 --- [tbc] [           main] o.s.m.s.b.SimpleBrokerMessageHandler     : Starting...
2025-09-22T15:50:06.037+09:00  INFO 84349 --- [tbc] [           main] o.s.m.s.b.SimpleBrokerMessageHandler     : BrokerAvailabilityEvent[available=true, SimpleBrokerMessageHandler [org.springframework.messaging.simp.broker.DefaultSubscriptionRegistry@67c6cf76]]
2025-09-22T15:50:06.038+09:00  INFO 84349 --- [tbc] [           main] o.s.m.s.b.SimpleBrokerMessageHandler     : Started.
2025-09-22T15:50:06.047+09:00  INFO 84349 --- [tbc] [           main] o.s.b.w.embedded.tomcat.TomcatWebServer  : Tomcat started on port 8080 (http) with context path '/'
2025-09-22T15:50:06.062+09:00  INFO 84349 --- [tbc] [           main] com.tbc.TbcApplication                   : Started TbcApplication in 8.225 seconds (process running for 8.579)
